[    3170ms] [WARNING] Specifying 'overflow: visible' on img, video and canvas tags may cause them to produce visual content outside of the element bounds. See https://github.com/WICG/view-transitions/blob/main/debugging_overflow_on_images.md for details. @ https://www.runpod.io/:2593
[    4657ms] [WARNING] The script https://js.hsforms.net/forms/embed/24119306.js only needs to be included once on the page @ https://js.hsforms.net/forms/embed/24119306.js:0
[    5784ms] [ERROR] Failed to load resource: the server responded with a status of 403 () @ https://ipwho.is/:0
[    5784ms] [ERROR] Failed to load resource: the server responded with a status of 403 () @ https://ipwho.is/:0
[   14074ms] [WARNING] The resource https://challenges.cloudflare.com/cdn-cgi/challenge-platform/h/g/cmg/1 was preloaded using link preload but not used within a few seconds from the window's load event. Please make sure it has an appropriate `as` value and it is preloaded intentionally. @ https://challenges.cloudflare.com/cdn-cgi/challenge-platform/h/g/turnstile/f/ov2/av0/rch/6mp8c/0x4AAAAAAAQTptj2So4dx43e/auto/fbE/new/normal?lang=auto:0
[   15090ms] [ERROR]  Note that 'script-src' was not explicitly set, so 'default-src' is used as a fallback. @ https://challenges.cloudflare.com/cdn-cgi/challenge-platform/h/g/turnstile/f/ov2/av0/rch/bn96a/0x4AAAAAAAQTptj2So4dx43e/auto/fbE/new/normal?lang=auto:0
[   16210ms] [ERROR] %c%d font-size:0;color:transparent NaN @ https://challenges.cloudflare.com/cdn-cgi/challenge-platform/h/g/turnstile/f/ov2/av0/rch/6mp8c/0x4AAAAAAAQTptj2So4dx43e/auto/fbE/new/normal?lang=auto:0
[   16211ms] [ERROR] %c%d font-size:0;color:transparent NaN @ https://challenges.cloudflare.com/cdn-cgi/challenge-platform/h/g/turnstile/f/ov2/av0/rch/6mp8c/0x4AAAAAAAQTptj2So4dx43e/auto/fbE/new/normal?lang=auto:0
[   16212ms] [WARNING] %c%d font-size:0;color:transparent NaN @ https://challenges.cloudflare.com/cdn-cgi/challenge-platform/h/g/turnstile/f/ov2/av0/rch/6mp8c/0x4AAAAAAAQTptj2So4dx43e/auto/fbE/new/normal?lang=auto:0
[   16212ms] [WARNING] %c%d font-size:0;color:transparent NaN @ https://challenges.cloudflare.com/cdn-cgi/challenge-platform/h/g/turnstile/f/ov2/av0/rch/6mp8c/0x4AAAAAAAQTptj2So4dx43e/auto/fbE/new/normal?lang=auto:0
[   16505ms] [ERROR] Failed to load resource: the server responded with a status of 401 () @ https://challenges.cloudflare.com/cdn-cgi/challenge-platform/h/g/pat/9e06a66fefcdaf63/1774197756849/409b85a11b87ea309313a2cda9bd471962cfa4b750013bfc4157f810cdebd0c1/7pYKf1QY5C-GKu1:0
[   16673ms] [ERROR] Failed to load resource: the server responded with a status of 401 () @ https://challenges.cloudflare.com/cdn-cgi/challenge-platform/h/g/pat/9e06a66fefcaaf63/1774197753318/9de12354db1af0662ccfcba7722c18b9d0b2f49240457a6e73ad1b3bca954c76/t44iQNB2NB6k46p:0
[   16722ms] [ERROR] %c%d font-size:0;color:transparent NaN @ https://challenges.cloudflare.com/cdn-cgi/challenge-platform/h/g/turnstile/f/ov2/av0/rch/bn96a/0x4AAAAAAAQTptj2So4dx43e/auto/fbE/new/normal?lang=auto:0
[   16722ms] [ERROR] %c%d font-size:0;color:transparent NaN @ https://challenges.cloudflare.com/cdn-cgi/challenge-platform/h/g/turnstile/f/ov2/av0/rch/bn96a/0x4AAAAAAAQTptj2So4dx43e/auto/fbE/new/normal?lang=auto:0
[   16724ms] [WARNING] %c%d font-size:0;color:transparent NaN @ https://challenges.cloudflare.com/cdn-cgi/challenge-platform/h/g/turnstile/f/ov2/av0/rch/bn96a/0x4AAAAAAAQTptj2So4dx43e/auto/fbE/new/normal?lang=auto:0
[   16724ms] [WARNING] %c%d font-size:0;color:transparent NaN @ https://challenges.cloudflare.com/cdn-cgi/challenge-platform/h/g/turnstile/f/ov2/av0/rch/bn96a/0x4AAAAAAAQTptj2So4dx43e/auto/fbE/new/normal?lang=auto:0
[   17186ms] [ERROR]  Note that 'script-src' was not explicitly set, so 'default-src' is used as a fallback. @ https://challenges.cloudflare.com/cdn-cgi/challenge-platform/h/g/turnstile/f/ov2/av0/rch/6mp8c/0x4AAAAAAAQTptj2So4dx43e/auto/fbE/new/normal?lang=auto:0
[   17192ms] [ERROR]  Note that 'script-src' was not explicitly set, so 'default-src' is used as a fallback. @ https://challenges.cloudflare.com/cdn-cgi/challenge-platform/h/g/turnstile/f/ov2/av0/rch/e7mrc/0x4AAAAAAAQTptj2So4dx43e/auto/fbE/new/normal?lang=auto:0
[   17394ms] [ERROR] %c%d font-size:0;color:transparent NaN @ https://challenges.cloudflare.com/cdn-cgi/challenge-platform/h/g/turnstile/f/ov2/av0/rch/e7mrc/0x4AAAAAAAQTptj2So4dx43e/auto/fbE/new/normal?lang=auto:0
[   17394ms] [ERROR] %c%d font-size:0;color:transparent NaN @ https://challenges.cloudflare.com/cdn-cgi/challenge-platform/h/g/turnstile/f/ov2/av0/rch/e7mrc/0x4AAAAAAAQTptj2So4dx43e/auto/fbE/new/normal?lang=auto:0
[   17396ms] [WARNING] %c%d font-size:0;color:transparent NaN @ https://challenges.cloudflare.com/cdn-cgi/challenge-platform/h/g/turnstile/f/ov2/av0/rch/e7mrc/0x4AAAAAAAQTptj2So4dx43e/auto/fbE/new/normal?lang=auto:0
[   17396ms] [WARNING] %c%d font-size:0;color:transparent NaN @ https://challenges.cloudflare.com/cdn-cgi/challenge-platform/h/g/turnstile/f/ov2/av0/rch/e7mrc/0x4AAAAAAAQTptj2So4dx43e/auto/fbE/new/normal?lang=auto:0
[   20021ms] [ERROR] Failed to load resource: the server responded with a status of 401 () @ https://challenges.cloudflare.com/cdn-cgi/challenge-platform/h/g/pat/9e06a66fefcbaf63/1774197757469/f404fed69a61ff7bf114c79e0c7f3f077eaf6a79729d82337fb6877094482d8a/slfsjLBpOynzIBP:0
[   20424ms] [WARNING] The resource https://challenges.cloudflare.com/cdn-cgi/challenge-platform/h/g/cmg/1 was preloaded using link preload but not used within a few seconds from the window's load event. Please make sure it has an appropriate `as` value and it is preloaded intentionally. @ https://challenges.cloudflare.com/cdn-cgi/challenge-platform/h/g/turnstile/f/ov2/av0/rch/e7mrc/0x4AAAAAAAQTptj2So4dx43e/auto/fbE/new/normal?lang=auto:0
[   23032ms] [WARNING] The resource https://challenges.cloudflare.com/cdn-cgi/challenge-platform/h/g/cmg/1 was preloaded using link preload but not used within a few seconds from the window's load event. Please make sure it has an appropriate `as` value and it is preloaded intentionally. @ https://challenges.cloudflare.com/cdn-cgi/challenge-platform/h/g/turnstile/f/ov2/av0/rch/bn96a/0x4AAAAAAAQTptj2So4dx43e/auto/fbE/new/normal?lang=auto:0
[   24459ms] [WARNING] The resource https://challenges.cloudflare.com/cdn-cgi/challenge-platform/h/g/cmg/1 was preloaded using link preload but not used within a few seconds from the window's load event. Please make sure it has an appropriate `as` value and it is preloaded intentionally. @ https://challenges.cloudflare.com/cdn-cgi/challenge-platform/h/g/turnstile/f/ov2/av0/rch/e7mrc/0x4AAAAAAAQTptj2So4dx43e/auto/fbE/new/normal?lang=auto:0
[   25313ms] [WARNING] The resource https://challenges.cloudflare.com/cdn-cgi/challenge-platform/h/g/cmg/1 was preloaded using link preload but not used within a few seconds from the window's load event. Please make sure it has an appropriate `as` value and it is preloaded intentionally. @ https://challenges.cloudflare.com/cdn-cgi/challenge-platform/h/g/turnstile/f/ov2/av0/rch/6mp8c/0x4AAAAAAAQTptj2So4dx43e/auto/fbE/new/normal?lang=auto:0
