[     435ms] [WARNING] AG Grid: As of version 32.2.1, using `rowSelection` with the values "single" or "multiple" has been deprecated. Use the object value instead. @ http://localhost:8090/_nicegui/3.9.0/esm/c410277d8ceb8cebcbb70bed199bffe0/index.js:0
[     474ms] [WARNING] AG Grid: warning #101 Could not find '(params) => {
    if (!params.value) return '';
    const expanded = params.data && params.data.is_expanded;
    return `<span class="expand-icon" aria-label="Развернуть" style="cursor:pointer">${expanded ? '▼' : '▶'}</span>`;
}' component. It was configured as "cellRenderer: '(params) => {
    if (!params.value) return '';
    const expanded = params.data && params.data.is_expanded;
    return `<span class="expand-icon" aria-label="Развернуть" style="cursor:pointer">${expanded ? '▼' : '▶'}</span>`;
}'" but it wasn't found in the list of registered components.
          Did you mean: [agAnimateShowChangeCellRenderer,agAnimateSlideCellRenderer,agDateColumnFloatingFilter]?
 If using a custom component check it has been registered correctly. 
See https://www.ag-grid.com/javascript-data-grid/errors/101?_version_=34.2.0&propertyName=cellRenderer&componentName=%28params%29+%3D%3E+%7B%0A++++if+%28%21params.value%29+return+%27%27%3B%0A++++const+expanded+%3D+params.data+%26%26+params.data.is_expanded%3B%0A++++return+%60%3Cspan+class%3D%22expand-icon%22+aria-label%3D%22%D0%A0%D0%B0%D0%B7%D0%B2%D0%B5%D1%80%D0%BD%D1%83%D1%82%D1%8C%22+style%3D%22cursor%3Apointer%22%3E%24%7Bexpanded+%3F+%27%E2%96%BC%27+%3A+%27%E2%96%B6%27%7D%3C%2Fspan%3E%60%3B%0A%7D&agGridDefaults=%7B%7D&jsComps=%7B%7D @ http://localhost:8090/_nicegui/3.9.0/esm/c410277d8ceb8cebcbb70bed199bffe0/index.js:0
[     496ms] [WARNING] AG Grid: warning #101 Could not find '(params) => {
    const labels = {
        active:      ['✔', 'Действует', 'status-active'],
        expiring:    ['⚠', 'Скоро истекает', 'status-expiring'],
        expired:     ['✗', 'Истёк', 'status-expired'],
        unknown:     ['', 'Нет даты', 'status-unknown'],
        terminated:  ['', 'Расторгнут', 'status-terminated'],
        extended:    ['↻', 'Продлён', 'status-extended'],
        negotiation: ['', 'На согласовании', 'status-negotiation'],
        suspended:   ['⏸', 'Приостановлен', 'status-suspended'],
    };
    const [icon, label, cls] = labels[params.value] || ['', params.value, 'status-unknown'];
    const iconHtml = icon ? `<span>${icon}</span>` : '';
    return `<span class="${cls}">${iconHtml}${label}</span>`;
}' component. It was configured as "cellRenderer: '(params) => {
    const labels = {
        active:      ['✔', 'Действует', 'status-active'],
        expiring:    ['⚠', 'Скоро истекает', 'status-expiring'],
        expired:     ['✗', 'Истёк', 'status-expired'],
        unknown:     ['', 'Нет даты', 'status-unknown'],
        terminated:  ['', 'Расторгнут', 'status-terminated'],
        extended:    ['↻', 'Продлён', 'status-extended'],
        negotiation: ['', 'На согласовании', 'status-negotiation'],
        suspended:   ['⏸', 'Приостановлен', 'status-suspended'],
    };
    const [icon, label, cls] = labels[params.value] || ['', params.value, 'status-unknown'];
    const iconHtml = icon ? `<span>${icon}</span>` : '';
    return `<span class="${cls}">${iconHtml}${label}</span>`;
}'" but it wasn't found in the list of registered components.
          Did you mean: [agAnimateShowChangeCellRenderer,agAnimateSlideCellRenderer,agDateColumnFloatingFilter]?
 If using a custom component check it has been registered correctly. 
See https://www.ag-grid.com/javascript-data-grid/errors/101?_version_=34.2.0&propertyName=cellRenderer&componentName=%28params%29+%3D%3E+%7B%0A++++const+labels+%3D+%7B%0A++++++++active%3A++++++%5B%27%E2%9C%94%27%2C+%27%D0%94%D0%B5%D0%B9%D1%81%D1%82%D0%B2%D1%83%D0%B5%D1%82%27%2C+%27status-active%27%5D%2C%0A++++++++expiring%3A++++%5B%27%E2%9A%A0%27%2C+%27%D0%A1%D0%BA%D0%BE%D1%80%D0%BE+%D0%B8%D1%81%D1%82%D0%B5%D0%BA%D0%B0%D0%B5%D1%82%27%2C+%27status-expiring%27%5D%2C%0A++++++++expired%3A+++++%5B%27%E2%9C%97%27%2C+%27%D0%98%D1%81%D1%82%D1%91%D0%BA%27%2C+%27status-expired%27%5D%2C%0A++++++++unknown%3A+++++%5B%27%27%2C+%27%D0%9D%D0%B5%D1%82+%D0%B4%D0%B0%D1%82%D1%8B%27%2C+%27status-unknown%27%5D%2C%0A++++++++terminated%3A++%5B%27%27%2C+%27%D0%A0%D0%B0%D1%81%D1%82%D0%BE%D1%80%D0%B3%D0%BD%D1%83%D1%82%27%2C+%27status-terminated%27%5D%2C%0A++++++++extended%3A++++%5B%27%E2%86%BB%27%2C+%27%D0%9F%D1%80%D0%BE%D0%B4%D0%BB%D1%91%D0%BD%27%2C+%27status-extended%27%5D%2C%0A++++++++negotiation%3A+%5B%27%27%2C+%27%D0%9D%D0%B0+%D1%81%D0%BE%D0%B3%D0%BB%D0%B0%D1%81%D0%BE%D0%B2%D0%B0%D0%BD%D0%B8%D0%B8%27%2C+%27status-negotiation%27%5D%2C%0A++++++++suspended%3A+++%5B%27%E2%8F%B8%27%2C+%27%D0%9F%D1%80%D0%B8%D0%BE%D1%81%D1%82%D0%B0%D0%BD%D0%BE%D0%B2%D0%BB%D0%B5%D0%BD%27%2C+%27status-suspended%27%5D%2C%0A++++%7D%3B%0A++++const+%5Bicon%2C+label%2C+cls%5D+%3D+labels%5Bparams.value%5D+%7C%7C+%5B%27%27%2C+params.value%2C+%27status-unknown%27%5D%3B%0A++++const+iconHtml+%3D+icon+%3F+%60%3Cspan%3E%24%7Bicon%7D%3C%2Fspan%3E%60+%3A+%27%27%3B%0A++++return+%60%3Cspan+class%3D%22%24%7Bcls%7D%22%3E%24%7BiconHtml%7D%24%7Blabel%7D%3C%2Fspan%3E%60%3B%0A%7D&agGridDefaults=%7B%7D&jsComps=%7B%7D @ http://localhost:8090/_nicegui/3.9.0/esm/c410277d8ceb8cebcbb70bed199bffe0/index.js:0
[     967ms] [WARNING] AG Grid: warning #101 Could not find '(params) => {
    if (params.data && params.data.is_child) return '';
    const div = document.createElement('div');
    div.className = 'actions-cell';
    div.innerHTML = '<span class="action-icon" title="Действия" aria-label="Действия">⋯</span>';
    return div;
}' component. It was configured as "cellRenderer: '(params) => {
    if (params.data && params.data.is_child) return '';
    const div = document.createElement('div');
    div.className = 'actions-cell';
    div.innerHTML = '<span class="action-icon" title="Действия" aria-label="Действия">⋯</span>';
    return div;
}'" but it wasn't found in the list of registered components.
          Did you mean: [agAnimateShowChangeCellRenderer,agAnimateSlideCellRenderer,agDateColumnFloatingFilter]?
 If using a custom component check it has been registered correctly. 
See https://www.ag-grid.com/javascript-data-grid/errors/101?_version_=34.2.0&propertyName=cellRenderer&componentName=%28params%29+%3D%3E+%7B%0A++++if+%28params.data+%26%26+params.data.is_child%29+return+%27%27%3B%0A++++const+div+%3D+document.createElement%28%27div%27%29%3B%0A++++div.className+%3D+%27actions-cell%27%3B%0A++++div.innerHTML+%3D+%27%3Cspan+class%3D%22action-icon%22+title%3D%22%D0%94%D0%B5%D0%B9%D1%81%D1%82%D0%B2%D0%B8%D1%8F%22+aria-label%3D%22%D0%94%D0%B5%D0%B9%D1%81%D1%82%D0%B2%D0%B8%D1%8F%22%3E%E2%8B%AF%3C%2Fspan%3E%27%3B%0A++++return+div%3B%0A%7D&agGridDefaults=%7B%7D&jsComps=%7B%7D @ http://localhost:8090/_nicegui/3.9.0/esm/c410277d8ceb8cebcbb70bed199bffe0/index.js:0
